GoldenMango/app/build/outputs/logs/manifest-merger-pre-release-report.txt
-- Merging decision tree log ---
manifest
ADDED from src\main\AndroidManifest.xml:2:1-99:12
INJECTED from src\main\AndroidManifest.xml:2:1-99:12
INJECTED from src\main\AndroidManifest.xml:2:1-99:12
INJECTED from src\main\AndroidManifest.xml:2:1-99:12
MERGED from [com.jaeger.statusbarutil:library:1.5.1] AndroidManifest.xml:2:1-13:12
MERGED from [com.android.support:design:26.0.2] AndroidManifest.xml:17:1-31:12
MERGED from [com.github.thinkcool:circletextimageview:1.0.20151218] AndroidManifest.xml:2:1-17:12
MERGED from [co.lujun:androidtagview:1.1.4] AndroidManifest.xml:2:1-14:12
MERGED from [com.gyf.barlibrary:barlibrary:2.3.0] AndroidManifest.xml:2:1-12:12
MERGED from [com.github.michaelye.easydialog:easydialog:1.4] AndroidManifest.xml:2:1-16:12
MERGED from [com.android.support:appcompat-v7:26.0.2] AndroidManifest.xml:17:1-31:12
MERGED from [com.android.support:cardview-v7:26.0.2] AndroidManifest.xml:17:1-28:12
MERGED from [com.kogitune:pre-lollipop-activity-transition:1.0.0] AndroidManifest.xml:2:1-13:12
MERGED from [com.github.hotchemi:permissionsdispatcher:2.3.1] AndroidManifest.xml:2:1-11:12
MERGED from [com.github.gzu-liyujiang.AndroidPicker:WheelPicker:1.5.5] AndroidManifest.xml:2:1-12:12
MERGED from [com.android.support:transition:26.0.2] AndroidManifest.xml:17:1-28:12
MERGED from [com.github.gzu-liyujiang.AndroidPicker:Common:1.5.5] AndroidManifest.xml:2:1-12:12
MERGED from [com.google.android.gms:play-services-appindexing:8.4.0] AndroidManifest.xml:16:1-20:12
MERGED from [com.google.android.gms:play-services-base:8.4.0] AndroidManifest.xml:16:1-19:12
MERGED from [com.google.android.gms:play-services-basement:8.4.0] AndroidManifest.xml:16:1-26:12
MERGED from [com.android.support:support-v4:26.0.2] AndroidManifest.xml:17:1-31:12
MERGED from [com.android.support:palette-v7:26.0.2] AndroidManifest.xml:17:1-28:12
MERGED from [com.android.support:recyclerview-v7:26.0.2] AndroidManifest.xml:17:1-28:12
MERGED from [com.jakewharton:butterknife:8.8.1] AndroidManifest.xml:2:1-7:12
MERGED from [com.github.bumptech.glide:volley-integration:1.4.0] AndroidManifest.xml:2:1-17:12
MERGED from [in.srain.cube:ultra-ptr:1.0.11] AndroidManifest.xml:2:1-13:12
MERGED from [in.srain.cube:cube-sdk:1.0.44] AndroidManifest.xml:2:1-11:12
MERGED from [com.ogaclejapan.smarttablayout:library:1.6.1] AndroidManifest.xml:2:1-12:12
MERGED from [com.ogaclejapan.smarttablayout:utils-v4:1.6.1] AndroidManifest.xml:2:1-12:12
MERGED from [io.reactivex:rxandroid:1.1.0] AndroidManifest.xml:15:1-21:12
MERGED from [com.android.support:animated-vector-drawable:26.0.2] AndroidManifest.xml:17:1-28:12
MERGED from [com.android.support:support-vector-drawable:26.0.2] AndroidManifest.xml:17:1-28:12
MERGED from [com.android.support:support-media-compat:26.0.2] AndroidManifest.xml:17:1-31:12
MERGED from [com.android.support:support-fragment:26.0.2] AndroidManifest.xml:17:1-31:12
MERGED from [com.android.support:support-core-utils:26.0.2] AndroidManifest.xml:17:1-31:12
MERGED from [com.android.support:support-core-ui:26.0.2] AndroidManifest.xml:17:1-31:12
MERGED from [com.android.support:support-compat:26.0.2] AndroidManifest.xml:17:1-31:12
INJECTED from src\main\AndroidManifest.xml:2:1-99:12
INJECTED from src\main\AndroidManifest.xml:2:1-99:12
INJECTED from src\main\AndroidManifest.xml:2:1-99:12
	package
		ADDED from src\main\AndroidManifest.xml:2:11-44
		INJECTED from src\main\AndroidManifest.xml
		INJECTED from src\main\AndroidManifest.xml
	android:versionName
		INJECTED from src\main\AndroidManifest.xml
		ADDED from src\main\AndroidManifest.xml:2:1-99:12
		INJECTED from src\main\AndroidManifest.xml
	android:versionCode
		INJECTED from src\main\AndroidManifest.xml
		ADDED from src\main\AndroidManifest.xml:2:1-99:12
		INJECTED from src\main\AndroidManifest.xml
	xmlns:android
		ADDED from src\main\AndroidManifest.xml:3:5-63
	android:installLocation
		ADDED from src\main\AndroidManifest.xml:4:5-35
uses-permission#android.permission.ACCESS_NETWORK_STATE
ADDED from src\main\AndroidManifest.xml:7:5-78
	android:name
		ADDED from src\main\AndroidManifest.xml:7:22-76
uses-permission#android.permission.ACCESS_WIFI_STATE
ADDED from src\main\AndroidManifest.xml:8:5-75
	android:name
		ADDED from src\main\AndroidManifest.xml:8:22-73
uses-permission#android.permission.INTERNET
ADDED from src\main\AndroidManifest.xml:10:5-66
	android:name
		ADDED from src\main\AndroidManifest.xml:10:22-64
uses-permission#android.permission.VIBRATE
ADDED from src\main\AndroidManifest.xml:11:5-65
	android:name
		ADDED from src\main\AndroidManifest.xml:11:22-63
uses-permission#android.permission.WRITE_EXTERNAL_STORAGE
ADDED from src\main\AndroidManifest.xml:13:5-80
	android:name
		ADDED from src\main\AndroidManifest.xml:13:22-78
uses-permission#android.permission.DOWNLOAD_WITHOUT_NOTIFICATION
ADDED from src\main\AndroidManifest.xml:14:5-87
	android:name
		ADDED from src\main\AndroidManifest.xml:14:22-85
uses-permission#android.permission.MOUNT_UNMOUNT_FILESYSTEMS
ADDED from src\main\AndroidManifest.xml:15:5-83
	android:name
		ADDED from src\main\AndroidManifest.xml:15:22-81
uses-permission#android.permission.READ_PHONE_STATE
ADDED from src\main\AndroidManifest.xml:16:5-74
	android:name
		ADDED from src\main\AndroidManifest.xml:16:22-72
uses-permission#android.permission.CHANGE_NETWORK_STATE
ADDED from src\main\AndroidManifest.xml:17:5-79
	android:name
		ADDED from src\main\AndroidManifest.xml:17:22-76
uses-permission#org.simalliance.openmobileapi.SMARTCARD
ADDED from src\main\AndroidManifest.xml:19:5-79
	android:name
		ADDED from src\main\AndroidManifest.xml:19:22-76
uses-permission#android.permission.NFC
ADDED from src\main\AndroidManifest.xml:20:5-62
	android:name
		ADDED from src\main\AndroidManifest.xml:20:22-59
uses-feature#android.hardware.nfc.hce
ADDED from src\main\AndroidManifest.xml:21:5-61
	android:name
		ADDED from src\main\AndroidManifest.xml:21:19-58
uses-permission#android.permission.RECORD_AUDIO
ADDED from src\main\AndroidManifest.xml:23:5-71
	android:name
		ADDED from src\main\AndroidManifest.xml:23:22-68
uses-permission#android.permission.MODIFY_AUDIO_SETTINGS
ADDED from src\main\AndroidManifest.xml:24:5-80
	android:name
		ADDED from src\main\AndroidManifest.xml:24:22-77
uses-permission#android.permission.READ_EXTERNAL_STORAGE
ADDED from src\main\AndroidManifest.xml:25:5-80
	android:name
		ADDED from src\main\AndroidManifest.xml:25:22-77
uses-permission#android.permission.SYSTEM_ALERT_WINDOW
ADDED from src\main\AndroidManifest.xml:27:5-77
	android:name
		ADDED from src\main\AndroidManifest.xml:27:22-75
application
ADDED from src\main\AndroidManifest.xml:29:5-97:19
MERGED from [com.jaeger.statusbarutil:library:1.5.1] AndroidManifest.xml:11:5-20
MERGED from [com.jaeger.statusbarutil:library:1.5.1] AndroidManifest.xml:11:5-20
MERGED from [com.android.support:design:26.0.2] AndroidManifest.xml:25:5-29:19
MERGED from [com.android.support:design:26.0.2] AndroidManifest.xml:25:5-29:19
MERGED from [com.github.thinkcool:circletextimageview:1.0.20151218] AndroidManifest.xml:11:5-15:19
MERGED from [com.github.thinkcool:circletextimageview:1.0.20151218] AndroidManifest.xml:11:5-15:19
MERGED from [co.lujun:androidtagview:1.1.4] AndroidManifest.xml:11:5-12:19
MERGED from [co.lujun:androidtagview:1.1.4] AndroidManifest.xml:11:5-12:19
MERGED from [com.github.michaelye.easydialog:easydialog:1.4] AndroidManifest.xml:11:5-14:19
MERGED from [com.github.michaelye.easydialog:easydialog:1.4] AndroidManifest.xml:11:5-14:19
MERGED from [com.android.support:appcompat-v7:26.0.2] AndroidManifest.xml:25:5-29:19
MERGED from [com.android.support:appcompat-v7:26.0.2] AndroidManifest.xml:25:5-29:19
MERGED from [com.android.support:cardview-v7:26.0.2] AndroidManifest.xml:22:5-26:19
MERGED from [com.android.support:cardview-v7:26.0.2] AndroidManifest.xml:22:5-26:19
MERGED from [com.kogitune:pre-lollipop-activity-transition:1.0.0] AndroidManifest.xml:11:5-20
MERGED from [com.kogitune:pre-lollipop-activity-transition:1.0.0] AndroidManifest.xml:11:5-20
MERGED from [com.android.support:transition:26.0.2] AndroidManifest.xml:22:5-26:19
MERGED from [com.android.support:transition:26.0.2] AndroidManifest.xml:22:5-26:19
MERGED from [com.google.android.gms:play-services-appindexing:8.4.0] AndroidManifest.xml:19:5-20
MERGED from [com.google.android.gms:play-services-appindexing:8.4.0] AndroidManifest.xml:19:5-20
MERGED from [com.google.android.gms:play-services-basement:8.4.0] AndroidManifest.xml:20:5-24:19
MERGED from [com.google.android.gms:play-services-basement:8.4.0] AndroidManifest.xml:20:5-24:19
MERGED from [com.android.support:support-v4:26.0.2] AndroidManifest.xml:25:5-29:19
MERGED from [com.android.support:support-v4:26.0.2] AndroidManifest.xml:25:5-29:19
MERGED from [com.android.support:palette-v7:26.0.2] AndroidManifest.xml:22:5-26:19
MERGED from [com.android.support:palette-v7:26.0.2] AndroidManifest.xml:22:5-26:19
MERGED from [com.android.support:recyclerview-v7:26.0.2] AndroidManifest.xml:22:5-26:19
MERGED from [com.android.support:recyclerview-v7:26.0.2] AndroidManifest.xml:22:5-26:19
MERGED from [com.github.bumptech.glide:volley-integration:1.4.0] AndroidManifest.xml:11:5-15:19
MERGED from [com.github.bumptech.glide:volley-integration:1.4.0] AndroidManifest.xml:11:5-15:19
MERGED from [in.srain.cube:ultra-ptr:1.0.11] AndroidManifest.xml:11:5-20
MERGED from [in.srain.cube:ultra-ptr:1.0.11] AndroidManifest.xml:11:5-20
MERGED from [com.android.support:animated-vector-drawable:26.0.2] AndroidManifest.xml:22:5-26:19
MERGED from [com.android.support:animated-vector-drawable:26.0.2] AndroidManifest.xml:22:5-26:19
MERGED from [com.android.support:support-vector-drawable:26.0.2] AndroidManifest.xml:22:5-26:19
MERGED from [com.android.support:support-vector-drawable:26.0.2] AndroidManifest.xml:22:5-26:19
MERGED from [com.android.support:support-media-compat:26.0.2] AndroidManifest.xml:25:5-29:19
MERGED from [com.android.support:support-media-compat:26.0.2] AndroidManifest.xml:25:5-29:19
MERGED from [com.android.support:support-fragment:26.0.2] AndroidManifest.xml:25:5-29:19
MERGED from [com.android.support:support-fragment:26.0.2] AndroidManifest.xml:25:5-29:19
MERGED from [com.android.support:support-core-utils:26.0.2] AndroidManifest.xml:25:5-29:19
MERGED from [com.android.support:support-core-utils:26.0.2] AndroidManifest.xml:25:5-29:19
MERGED from [com.android.support:support-core-ui:26.0.2] AndroidManifest.xml:25:5-29:19
MERGED from [com.android.support:support-core-ui:26.0.2] AndroidManifest.xml:25:5-29:19
MERGED from [com.android.support:support-compat:26.0.2] AndroidManifest.xml:25:5-29:19
MERGED from [com.android.support:support-compat:26.0.2] AndroidManifest.xml:25:5-29:19
	android:supportsRtl
		ADDED from src\main\AndroidManifest.xml:34:9-35
	android:label
		ADDED from src\main\AndroidManifest.xml:32:9-41
	android:roundIcon
		ADDED from src\main\AndroidManifest.xml:33:9-50
	android:icon
		ADDED from src\main\AndroidManifest.xml:31:9-45
	android:allowBackup
		ADDED from src\main\AndroidManifest.xml:30:9-35
	android:theme
		ADDED from src\main\AndroidManifest.xml:35:9-52
	android:name
		ADDED from src\main\AndroidManifest.xml:36:9-43
meta-data#UMENG_APPKEY
ADDED from src\main\AndroidManifest.xml:37:9-91
	android:value
		ADDED from src\main\AndroidManifest.xml:37:49-89
	android:name
		ADDED from src\main\AndroidManifest.xml:37:20-47
meta-data#UMENG_CHANNEL
ADDED from src\main\AndroidManifest.xml:38:9-72
	android:value
		ADDED from src\main\AndroidManifest.xml:38:50-70
	android:name
		ADDED from src\main\AndroidManifest.xml:38:20-48
meta-data#com.goldenmango.lottery.app.GlideModelConfig
ADDED from src\main\AndroidManifest.xml:39:9-41:43
	android:value
		ADDED from src\main\AndroidManifest.xml:41:13-40
	android:name
		ADDED from src\main\AndroidManifest.xml:40:13-72
activity#com.goldenmango.lottery.app.Main2Activity
ADDED from src\main\AndroidManifest.xml:42:9-53:20
	android:screenOrientation
		ADDED from src\main\AndroidManifest.xml:46:13-49
	android:label
		ADDED from src\main\AndroidManifest.xml:45:13-33
	android:windowSoftInputMode
		ADDED from src\main\AndroidManifest.xml:48:13-55
	android:configChanges
		ADDED from src\main\AndroidManifest.xml:44:13-63
	android:theme
		ADDED from src\main\AndroidManifest.xml:47:13-47
	android:name
		ADDED from src\main\AndroidManifest.xml:43:13-46
intent-filter#android.intent.action.MAIN+android.intent.category.LAUNCHER
ADDED from src\main\AndroidManifest.xml:49:13-52:29
action#android.intent.action.MAIN
ADDED from src\main\AndroidManifest.xml:50:17-68
	android:name
		ADDED from src\main\AndroidManifest.xml:50:25-66
category#android.intent.category.LAUNCHER
ADDED from src\main\AndroidManifest.xml:51:17-76
	android:name
		ADDED from src\main\AndroidManifest.xml:51:27-74
service#com.goldenmango.lottery.service.UpdateService
ADDED from src\main\AndroidManifest.xml:54:9-80
	android:enabled
		ADDED from src\main\AndroidManifest.xml:54:56-78
	android:name
		ADDED from src\main\AndroidManifest.xml:54:18-55
activity#com.goldenmango.lottery.app.WebViewActivity
ADDED from src\main\AndroidManifest.xml:56:9-60:20
	android:screenOrientation
		ADDED from src\main\AndroidManifest.xml:59:13-49
	android:configChanges
		ADDED from src\main\AndroidManifest.xml:58:13-63
	android:name
		ADDED from src\main\AndroidManifest.xml:57:13-48
activity#com.goldenmango.lottery.fragment.WelcomeGuideActivity
ADDED from src\main\AndroidManifest.xml:61:9-65:20
	android:screenOrientation
		ADDED from src\main\AndroidManifest.xml:64:13-49
	android:configChanges
		ADDED from src\main\AndroidManifest.xml:63:13-63
	android:name
		ADDED from src\main\AndroidManifest.xml:62:13-58
activity#com.goldenmango.lottery.app.FragmentLauncher
ADDED from src\main\AndroidManifest.xml:67:9-71:66
	android:screenOrientation
		ADDED from src\main\AndroidManifest.xml:69:13-49
	android:windowSoftInputMode
		ADDED from src\main\AndroidManifest.xml:71:13-64
	android:configChanges
		ADDED from src\main\AndroidManifest.xml:68:13-63
	android:theme
		ADDED from src\main\AndroidManifest.xml:70:13-56
	android:name
		ADDED from src\main\AndroidManifest.xml:67:19-55
activity#com.goldenmango.lottery.app.ContainerActivity
ADDED from src\main\AndroidManifest.xml:73:9-77:66
	android:screenOrientation
		ADDED from src\main\AndroidManifest.xml:75:13-49
	android:windowSoftInputMode
		ADDED from src\main\AndroidManifest.xml:77:13-64
	android:configChanges
		ADDED from src\main\AndroidManifest.xml:74:13-63
	android:theme
		ADDED from src\main\AndroidManifest.xml:76:13-56
	android:name
		ADDED from src\main\AndroidManifest.xml:73:19-56
activity#com.goldenmango.lottery.app.DebugActivity
ADDED from src\main\AndroidManifest.xml:79:9-85:20
	android:screenOrientation
		ADDED from src\main\AndroidManifest.xml:82:13-49
	android:label
		ADDED from src\main\AndroidManifest.xml:81:13-31
	android:windowSoftInputMode
		ADDED from src\main\AndroidManifest.xml:84:13-55
	android:configChanges
		ADDED from src\main\AndroidManifest.xml:80:13-63
	android:theme
		ADDED from src\main\AndroidManifest.xml:83:13-56
	android:name
		ADDED from src\main\AndroidManifest.xml:79:19-52
activity#com.goldenmango.lottery.fragment.QRCodeFragment
ADDED from src\main\AndroidManifest.xml:87:9-95:20
	android:screenOrientation
		ADDED from src\main\AndroidManifest.xml:90:13-49
	android:configChanges
		ADDED from src\main\AndroidManifest.xml:89:13-63
	android:name
		ADDED from src\main\AndroidManifest.xml:88:13-52
intent-filter#android.intent.action.BOOT_COMPLETED+android.intent.action.USER_PRESENT
ADDED from src\main\AndroidManifest.xml:91:13-94:29
action#android.intent.action.BOOT_COMPLETED
ADDED from src\main\AndroidManifest.xml:92:17-86
	android:name
		ADDED from src\main\AndroidManifest.xml:92:25-76
action#android.intent.action.USER_PRESENT
ADDED from src\main\AndroidManifest.xml:93:17-84
	android:name
		ADDED from src\main\AndroidManifest.xml:93:25-74
uses-sdk
INJECTED from src\main\AndroidManifest.xml reason: use-sdk injection requested
INJECTED from src\main\AndroidManifest.xml
INJECTED from src\main\AndroidManifest.xml
MERGED from [com.jaeger.statusbarutil:library:1.5.1] AndroidManifest.xml:7:5-9:41
MERGED from [com.jaeger.statusbarutil:library:1.5.1] AndroidManifest.xml:7:5-9:41
MERGED from [com.android.support:design:26.0.2] AndroidManifest.xml:21:5-23:62
MERGED from [com.android.support:design:26.0.2] AndroidManifest.xml:21:5-23:62
MERGED from [com.github.thinkcool:circletextimageview:1.0.20151218] AndroidManifest.xml:7:5-9:41
MERGED from [com.github.thinkcool:circletextimageview:1.0.20151218] AndroidManifest.xml:7:5-9:41
MERGED from [co.lujun:androidtagview:1.1.4] AndroidManifest.xml:7:5-9:41
MERGED from [co.lujun:androidtagview:1.1.4] AndroidManifest.xml:7:5-9:41
MERGED from [com.gyf.barlibrary:barlibrary:2.3.0] AndroidManifest.xml:8:5-10:41
MERGED from [com.gyf.barlibrary:barlibrary:2.3.0] AndroidManifest.xml:8:5-10:41
MERGED from [com.github.michaelye.easydialog:easydialog:1.4] AndroidManifest.xml:7:5-9:41
MERGED from [com.github.michaelye.easydialog:easydialog:1.4] AndroidManifest.xml:7:5-9:41
MERGED from [com.android.support:appcompat-v7:26.0.2] AndroidManifest.xml:21:5-23:78
MERGED from [com.android.support:appcompat-v7:26.0.2] AndroidManifest.xml:21:5-23:78
MERGED from [com.android.support:cardview-v7:26.0.2] AndroidManifest.xml:20:5-44
MERGED from [com.android.support:cardview-v7:26.0.2] AndroidManifest.xml:20:5-44
MERGED from [com.kogitune:pre-lollipop-activity-transition:1.0.0] AndroidManifest.xml:7:5-9:41
MERGED from [com.kogitune:pre-lollipop-activity-transition:1.0.0] AndroidManifest.xml:7:5-9:41
MERGED from [com.github.hotchemi:permissionsdispatcher:2.3.1] AndroidManifest.xml:6:5-9:55
MERGED from [com.github.hotchemi:permissionsdispatcher:2.3.1] AndroidManifest.xml:6:5-9:55
MERGED from [com.github.gzu-liyujiang.AndroidPicker:WheelPicker:1.5.5] AndroidManifest.xml:8:5-10:41
MERGED from [com.github.gzu-liyujiang.AndroidPicker:WheelPicker:1.5.5] AndroidManifest.xml:8:5-10:41
MERGED from [com.android.support:transition:26.0.2] AndroidManifest.xml:20:5-44
MERGED from [com.android.support:transition:26.0.2] AndroidManifest.xml:20:5-44
MERGED from [com.github.gzu-liyujiang.AndroidPicker:Common:1.5.5] AndroidManifest.xml:8:5-10:41
MERGED from [com.github.gzu-liyujiang.AndroidPicker:Common:1.5.5] AndroidManifest.xml:8:5-10:41
MERGED from [com.google.android.gms:play-services-appindexing:8.4.0] AndroidManifest.xml:18:5-42
MERGED from [com.google.android.gms:play-services-appindexing:8.4.0] AndroidManifest.xml:18:5-42
MERGED from [com.google.android.gms:play-services-base:8.4.0] AndroidManifest.xml:18:5-42
MERGED from [com.google.android.gms:play-services-base:8.4.0] AndroidManifest.xml:18:5-42
MERGED from [com.google.android.gms:play-services-basement:8.4.0] AndroidManifest.xml:18:5-42
MERGED from [com.google.android.gms:play-services-basement:8.4.0] AndroidManifest.xml:18:5-42
MERGED from [com.android.support:support-v4:26.0.2] AndroidManifest.xml:21:5-23:54
MERGED from [com.android.support:support-v4:26.0.2] AndroidManifest.xml:21:5-23:54
MERGED from [com.android.support:palette-v7:26.0.2] AndroidManifest.xml:20:5-44
MERGED from [com.android.support:palette-v7:26.0.2] AndroidManifest.xml:20:5-44
MERGED from [com.android.support:recyclerview-v7:26.0.2] AndroidManifest.xml:20:5-44
MERGED from [com.android.support:recyclerview-v7:26.0.2] AndroidManifest.xml:20:5-44
MERGED from [com.jakewharton:butterknife:8.8.1] AndroidManifest.xml:5:5-43
MERGED from [com.jakewharton:butterknife:8.8.1] AndroidManifest.xml:5:5-43
MERGED from [com.github.bumptech.glide:volley-integration:1.4.0] AndroidManifest.xml:7:5-9:41
MERGED from [com.github.bumptech.glide:volley-integration:1.4.0] AndroidManifest.xml:7:5-9:41
MERGED from [in.srain.cube:ultra-ptr:1.0.11] AndroidManifest.xml:7:5-9:41
MERGED from [in.srain.cube:ultra-ptr:1.0.11] AndroidManifest.xml:7:5-9:41
MERGED from [in.srain.cube:cube-sdk:1.0.44] AndroidManifest.xml:7:5-9:41
MERGED from [in.srain.cube:cube-sdk:1.0.44] AndroidManifest.xml:7:5-9:41
MERGED from [com.ogaclejapan.smarttablayout:library:1.6.1] AndroidManifest.xml:8:5-10:41
MERGED from [com.ogaclejapan.smarttablayout:library:1.6.1] AndroidManifest.xml:8:5-10:41
MERGED from [com.ogaclejapan.smarttablayout:utils-v4:1.6.1] AndroidManifest.xml:8:5-10:41
MERGED from [com.ogaclejapan.smarttablayout:utils-v4:1.6.1] AndroidManifest.xml:8:5-10:41
MERGED from [io.reactivex:rxandroid:1.1.0] AndroidManifest.xml:19:5-43
MERGED from [io.reactivex:rxandroid:1.1.0] AndroidManifest.xml:19:5-43
MERGED from [com.android.support:animated-vector-drawable:26.0.2] AndroidManifest.xml:20:5-44
MERGED from [com.android.support:animated-vector-drawable:26.0.2] AndroidManifest.xml:20:5-44
MERGED from [com.android.support:support-vector-drawable:26.0.2] AndroidManifest.xml:20:5-44
MERGED from [com.android.support:support-vector-drawable:26.0.2] AndroidManifest.xml:20:5-44
MERGED from [com.android.support:support-media-compat:26.0.2] AndroidManifest.xml:21:5-23:63
MERGED from [com.android.support:support-media-compat:26.0.2] AndroidManifest.xml:21:5-23:63
MERGED from [com.android.support:support-fragment:26.0.2] AndroidManifest.xml:21:5-23:60
MERGED from [com.android.support:support-fragment:26.0.2] AndroidManifest.xml:21:5-23:60
MERGED from [com.android.support:support-core-utils:26.0.2] AndroidManifest.xml:21:5-23:61
MERGED from [com.android.support:support-core-utils:26.0.2] AndroidManifest.xml:21:5-23:61
MERGED from [com.android.support:support-core-ui:26.0.2] AndroidManifest.xml:21:5-23:58
MERGED from [com.android.support:support-core-ui:26.0.2] AndroidManifest.xml:21:5-23:58
MERGED from [com.android.support:support-compat:26.0.2] AndroidManifest.xml:21:5-23:58
MERGED from [com.android.support:support-compat:26.0.2] AndroidManifest.xml:21:5-23:58
INJECTED from src\main\AndroidManifest.xml
INJECTED from src\main\AndroidManifest.xml
	tools:overrideLibrary
		ADDED from [com.android.support:design:26.0.2] AndroidManifest.xml:23:9-59
	android:targetSdkVersion
		INJECTED from src\main\AndroidManifest.xml
		ADDED from src\main\AndroidManifest.xml
		INJECTED from src\main\AndroidManifest.xml
	android:minSdkVersion
		INJECTED from src\main\AndroidManifest.xml
		ADDED from src\main\AndroidManifest.xml
		INJECTED from src\main\AndroidManifest.xml
meta-data#android.support.VERSION
ADDED from [com.android.support:design:26.0.2] AndroidManifest.xml:26:9-28:38
MERGED from [com.android.support:appcompat-v7:26.0.2] AndroidManifest.xml:26:9-28:38
MERGED from [com.android.support:appcompat-v7:26.0.2] AndroidManifest.xml:26:9-28:38
MERGED from [com.android.support:cardview-v7:26.0.2] AndroidManifest.xml:23:9-25:38
MERGED from [com.android.support:cardview-v7:26.0.2] AndroidManifest.xml:23:9-25:38
MERGED from [com.android.support:transition:26.0.2] AndroidManifest.xml:23:9-25:38
MERGED from [com.android.support:transition:26.0.2] AndroidManifest.xml:23:9-25:38
MERGED from [com.android.support:support-v4:26.0.2] AndroidManifest.xml:26:9-28:38
MERGED from [com.android.support:support-v4:26.0.2] AndroidManifest.xml:26:9-28:38
MERGED from [com.android.support:palette-v7:26.0.2] AndroidManifest.xml:23:9-25:38
MERGED from [com.android.support:palette-v7:26.0.2] AndroidManifest.xml:23:9-25:38
MERGED from [com.android.support:recyclerview-v7:26.0.2] AndroidManifest.xml:23:9-25:38
MERGED from [com.android.support:recyclerview-v7:26.0.2] AndroidManifest.xml:23:9-25:38
MERGED from [com.android.support:animated-vector-drawable:26.0.2] AndroidManifest.xml:23:9-25:38
MERGED from [com.android.support:animated-vector-drawable:26.0.2] AndroidManifest.xml:23:9-25:38
MERGED from [com.android.support:support-vector-drawable:26.0.2] AndroidManifest.xml:23:9-25:38
MERGED from [com.android.support:support-vector-drawable:26.0.2] AndroidManifest.xml:23:9-25:38
MERGED from [com.android.support:support-media-compat:26.0.2] AndroidManifest.xml:26:9-28:38
MERGED from [com.android.support:support-media-compat:26.0.2] AndroidManifest.xml:26:9-28:38
MERGED from [com.android.support:support-fragment:26.0.2] AndroidManifest.xml:26:9-28:38
MERGED from [com.android.support:support-fragment:26.0.2] AndroidManifest.xml:26:9-28:38
MERGED from [com.android.support:support-core-utils:26.0.2] AndroidManifest.xml:26:9-28:38
MERGED from [com.android.support:support-core-utils:26.0.2] AndroidManifest.xml:26:9-28:38
MERGED from [com.android.support:support-core-ui:26.0.2] AndroidManifest.xml:26:9-28:38
MERGED from [com.android.support:support-core-ui:26.0.2] AndroidManifest.xml:26:9-28:38
MERGED from [com.android.support:support-compat:26.0.2] AndroidManifest.xml:26:9-28:38
MERGED from [com.android.support:support-compat:26.0.2] AndroidManifest.xml:26:9-28:38
	android:value
		ADDED from [com.android.support:design:26.0.2] AndroidManifest.xml:28:13-35
	android:name
		ADDED from [com.android.support:design:26.0.2] AndroidManifest.xml:27:13-51
meta-data#com.google.android.gms.version
ADDED from [com.google.android.gms:play-services-basement:8.4.0] AndroidManifest.xml:21:9-23:69
	android:value
		ADDED from [com.google.android.gms:play-services-basement:8.4.0] AndroidManifest.xml:23:13-66
	android:name
		ADDED from [com.google.android.gms:play-services-basement:8.4.0] AndroidManifest.xml:22:13-58
meta-data#com.bumptech.glide.integration.volley.VolleyGlideModule
ADDED from [com.github.bumptech.glide:volley-integration:1.4.0] AndroidManifest.xml:12:9-14:43
	android:value
		ADDED from [com.github.bumptech.glide:volley-integration:1.4.0] AndroidManifest.xml:14:13-40
	android:name
		ADDED from [com.github.bumptech.glide:volley-integration:1.4.0] AndroidManifest.xml:13:13-83